[debug] [2026-03-20T20:55:22.118Z] ----------------------------------------------------------------------
[debug] [2026-03-20T20:55:22.122Z] Command:       C:\Program Files\nodejs\node.exe C:\Users\ADMIN\AppData\Roaming\npm\node_modules\firebase-tools\lib\bin\firebase.js hosting:channel:list --project coffeeteaconnection
[debug] [2026-03-20T20:55:22.122Z] CLI Version:   15.11.0
[debug] [2026-03-20T20:55:22.122Z] Platform:      win32
[debug] [2026-03-20T20:55:22.123Z] Node Version:  v22.19.0
[debug] [2026-03-20T20:55:22.123Z] Time:          Sat Mar 21 2026 04:55:22 GMT+0800 (China Standard Time)
[debug] [2026-03-20T20:55:22.123Z] ----------------------------------------------------------------------
[debug] 
[debug] [2026-03-20T20:55:22.327Z] > command requires scopes: ["email","openid","https://www.googleapis.com/auth/cloudplatformprojects.readonly","https://www.googleapis.com/auth/firebase","https://www.googleapis.com/auth/cloud-platform"]
[debug] [2026-03-20T20:55:22.328Z] > authorizing via signed-in user (marksilla12@gmail.com)
[debug] [2026-03-20T20:55:22.328Z] [iam] checking project coffeeteaconnection for permissions ["firebase.projects.get","firebasehosting.sites.update"]
[debug] [2026-03-20T20:55:22.329Z] Checked if tokens are valid: true, expires at: 1774041763258
[debug] [2026-03-20T20:55:22.329Z] Checked if tokens are valid: true, expires at: 1774041763258
[debug] [2026-03-20T20:55:22.330Z] >>> [apiv2][query] POST https://cloudresourcemanager.googleapis.com/v1/projects/coffeeteaconnection:testIamPermissions [none]
[debug] [2026-03-20T20:55:22.331Z] >>> [apiv2][(partial)header] POST https://cloudresourcemanager.googleapis.com/v1/projects/coffeeteaconnection:testIamPermissions  x-goog-user-project=coffeeteaconnection
[debug] [2026-03-20T20:55:22.331Z] >>> [apiv2][body] POST https://cloudresourcemanager.googleapis.com/v1/projects/coffeeteaconnection:testIamPermissions {"permissions":["firebase.projects.get","firebasehosting.sites.update"]}
[debug] [2026-03-20T20:55:23.292Z] <<< [apiv2][status] POST https://cloudresourcemanager.googleapis.com/v1/projects/coffeeteaconnection:testIamPermissions 200
[debug] [2026-03-20T20:55:23.292Z] <<< [apiv2][body] POST https://cloudresourcemanager.googleapis.com/v1/projects/coffeeteaconnection:testIamPermissions {"permissions":["firebase.projects.get","firebasehosting.sites.update"]}
[debug] [2026-03-20T20:55:23.293Z] Checked if tokens are valid: true, expires at: 1774041763258
[debug] [2026-03-20T20:55:23.293Z] Checked if tokens are valid: true, expires at: 1774041763258
[debug] [2026-03-20T20:55:23.293Z] >>> [apiv2][query] GET https://firebase.googleapis.com/v1beta1/projects/coffeeteaconnection [none]
[debug] [2026-03-20T20:55:23.702Z] <<< [apiv2][status] GET https://firebase.googleapis.com/v1beta1/projects/coffeeteaconnection 200
[debug] [2026-03-20T20:55:23.703Z] <<< [apiv2][body] GET https://firebase.googleapis.com/v1beta1/projects/coffeeteaconnection {"projectId":"coffeeteaconnection","projectNumber":"444013177678","displayName":"Coffeeteaconnection","name":"projects/coffeeteaconnection","resources":{"hostingSite":"coffeeteaconnection"},"state":"ACTIVE","etag":"1_2f38bd72-99d3-45cc-a135-fb9c843ce440"}
[debug] [2026-03-20T20:55:23.703Z] Checked if tokens are valid: true, expires at: 1774041763258
[debug] [2026-03-20T20:55:23.703Z] Checked if tokens are valid: true, expires at: 1774041763258
[debug] [2026-03-20T20:55:23.704Z] >>> [apiv2][query] GET https://firebasehosting.googleapis.com/v1beta1/projects/coffeeteaconnection/sites/coffeeteaconnection/channels pageToken=&pageSize=10
[debug] [2026-03-20T20:55:24.680Z] <<< [apiv2][status] GET https://firebasehosting.googleapis.com/v1beta1/projects/coffeeteaconnection/sites/coffeeteaconnection/channels 200
[debug] [2026-03-20T20:55:24.680Z] <<< [apiv2][body] GET https://firebasehosting.googleapis.com/v1beta1/projects/coffeeteaconnection/sites/coffeeteaconnection/channels {"channels":[{"name":"projects/coffeeteaconnection/sites/coffeeteaconnection/channels/mark","url":"https://coffeeteaconnection--mark-8354nvup.web.app","release":{"name":"projects/coffeeteaconnection/sites/coffeeteaconnection/channels/mark/releases/1774039972907000","version":{"name":"projects/coffeeteaconnection/sites/coffeeteaconnection/versions/934f7191faba7267","status":"FINALIZED","config":{"rewrites":[{"glob":"/api/**","run":{"serviceId":"api","region":"us-central1"}},{"glob":"**","path":"/index.html"}]},"labels":{"deployment-tool":"cli-firebase"},"createTime":"2026-03-20T20:52:47.784813Z","createUser":{"email":"marksilla12@gmail.com"},"finalizeTime":"2026-03-20T20:52:52.610213Z","finalizeUser":{"email":"marksilla12@gmail.com"},"fileCount":"6","versionBytes":"350488"},"type":"DEPLOY","releaseTime":"2026-03-20T20:52:52.907Z","releaseUser":{"email":"marksilla12@gmail.com"}},"createTime":"2026-03-20T20:52:46.847826659Z","updateTime":"2026-03-20T20:52:52.907Z","retainedReleaseCount":10,"expireTime":"2026-03-27T20:52:46.847826659Z"},{"name":"projects/coffeeteaconnection/sites/coffeeteaconnection/channels/live","url":"https://coffeeteaconnection.web.app","release":{"name":"projects/coffeeteaconnection/sites/coffeeteaconnection/channels/live/releases/1774039206332000","version":{"name":"projects/coffeeteaconnection/sites/coffeeteaconnection/versions/608a58af119bfe2a","status":"FINALIZED","config":{"rewrites":[{"glob":"/api/**","run":{"serviceId":"api","region":"us-central1"}},{"glob":"**","path":"/index.html"}]},"labels":{"deployment-tool":"cli-firebase"},"createTime":"2026-03-20T20:39:58.328406Z","createUser":{"email":"marksilla12@gmail.com"},"finalizeTime":"2026-03-20T20:40:05.994037Z","finalizeUser":{"email":"marksilla12@gmail.com"},"fileCount":"6","versionBytes":"350488"},"type":"DEPLOY","releaseTime":"2026-03-20T20:40:06.332Z","releaseUser":{"email":"marksilla12@gmail.com"}},"createTime":"2026-03-07T01:17:55.771002747Z","updateTime":"2026-03-20T20:40:06.332Z","retainedReleaseCount":2147483647}]}
[info] 
[info] Channels for site coffeeteaconnection
[info] 
[info] ┌────────────┬─────────────────────┬────────────────────────────────────────────────────┬─────────────────────┐
│ Channel ID │ Last Release Time   │ URL                                                │ Expire Time         │
├────────────┼─────────────────────┼────────────────────────────────────────────────────┼─────────────────────┤
│ mark       │ 2026-03-21 04:52:52 │ https://coffeeteaconnection--mark-8354nvup.web.app │ 2026-03-28 04:52:46 │
├────────────┼─────────────────────┼────────────────────────────────────────────────────┼─────────────────────┤
│ live       │ 2026-03-21 04:40:06 │ https://coffeeteaconnection.web.app                │ never               │
└────────────┴─────────────────────┴────────────────────────────────────────────────────┴─────────────────────┘
